{"name": "Проверка калькулятора", "status": "broken", "statusDetails": {"message": "selenium.common.exceptions.NoSuchElementException: Message: no such element: Unable to locate element: {\"method\":\"xpath\",\"selector\":\"//*[contains(text(), 'text')]\"}\n  (Session info: chrome=124.0.6367.158); For documentation on this error, please visit: https://www.selenium.dev/documentation/webdriver/troubleshooting/errors#no-such-element-exception\nStacktrace:\n\tGetHandleVerifier [0x0041C183+48259]\n\t(No symbol) [0x003ACAB1]\n\t(No symbol) [0x002A0A17]\n\t(No symbol) [0x002E0BED]\n\t(No symbol) [0x002E0C9B]\n\t(No symbol) [0x0031BC12]\n\t(No symbol) [0x00300DE4]\n\t(No symbol) [0x00319B9C]\n\t(No symbol) [0x00300B36]\n\t(No symbol) [0x002D570D]\n\t(No symbol) [0x002D62CD]\n\tGetHandleVerifier [0x006D6613+2908435]\n\tGetHandleVerifier [0x00713C2B+3159851]\n\tGetHandleVerifier [0x004B513B+674875]\n\tGetHandleVerifier [0x004BB2FC+699900]\n\t(No symbol) [0x003B62B4]\n\t(No symbol) [0x003B2308]\n\t(No symbol) [0x003B249C]\n\t(No symbol) [0x003A4C20]\n\tBaseThreadInitThunk [0x767DFCC9+25]\n\tRtlGetAppContainerNamedObjectPath [0x771F7C5E+286]\n\tRtlGetAppContainerNamedObjectPath [0x771F7C2E+238]", "trace": "@allure.title(\"Проверка калькулятора\")\n    @allure.description(\"Результат должен отобразиться через 45 секунд\")\n    @allure.feature(\"FUNCTIONALITY\")\n    @allure.severity(\"blocker\")\n    def test_calculator():\n        with allure.step(\"Открываем браузер\"):\n            browser = webdriver.Chrome(\n                service=ChromeService(ChromeDriverManager().install()))\n    \n        with allure.step(\"Открытие страницы: https://bonigarcia.dev/selenium-webdriver-java/slow-calculator.html\"):\n            calculator = CalculatorPage(browser)\n    \n        with allure.step(\"Ввод в поле значение 45\"):\n            calculator.delay('45')\n    \n        with allure.step(\"Нажимаем на кнопки 7+8=\"):\n>           calculator.click('7')\n\ncalculator_test.py:24: \n_ _ _ _ _ _ _ _ _ _ _ _ _ _ _ _ _ _ _ _ _ _ _ _ _ _ _ _ _ _ _ _ _ _ _ _ _ _ _ _ _ _ _ _ _ _ _ _ _ _ _ _ _ _ _ _ _ _ _ _ _ _ _ _ _ _ _ _ _ _ _ _ _ _ _ _ _ _ _ _ _ _ _ _ _ _ _ _ _ _ _ _ _ _ _ _ _ _ _ _ _ _ _ _ _ _ \npages\\CalculatorPage.py:25: in click\n    self._driver.find_element(By.XPATH, \"//*[contains(text(), 'text')]\").click(text)\n..\\..\\..\\..\\AppData\\Local\\Programs\\Python\\Python312\\Lib\\site-packages\\selenium\\webdriver\\remote\\webdriver.py:741: in find_element\n    return self.execute(Command.FIND_ELEMENT, {\"using\": by, \"value\": value})[\"value\"]\n..\\..\\..\\..\\AppData\\Local\\Programs\\Python\\Python312\\Lib\\site-packages\\selenium\\webdriver\\remote\\webdriver.py:347: in execute\n    self.error_handler.check_response(response)\n_ _ _ _ _ _ _ _ _ _ _ _ _ _ _ _ _ _ _ _ _ _ _ _ _ _ _ _ _ _ _ _ _ _ _ _ _ _ _ _ _ _ _ _ _ _ _ _ _ _ _ _ _ _ _ _ _ _ _ _ _ _ _ _ _ _ _ _ _ _ _ _ _ _ _ _ _ _ _ _ _ _ _ _ _ _ _ _ _ _ _ _ _ _ _ _ _ _ _ _ _ _ _ _ _ _ \n\nself = <selenium.webdriver.remote.errorhandler.ErrorHandler object at 0x000002630DA466F0>\nresponse = {'status': 404, 'value': '{\"value\":{\"error\":\"no such element\",\"message\":\"no such element: Unable to locate element: {\\...\\n\\\\tRtlGetAppContainerNamedObjectPath [0x771F7C5E+286]\\\\n\\\\tRtlGetAppContainerNamedObjectPath [0x771F7C2E+238]\\\\n\"}}'}\n\n    def check_response(self, response: Dict[str, Any]) -> None:\n        \"\"\"Checks that a JSON response from the WebDriver does not have an\n        error.\n    \n        :Args:\n         - response - The JSON response from the WebDriver server as a dictionary\n           object.\n    \n        :Raises: If the response contains an error message.\n        \"\"\"\n        status = response.get(\"status\", None)\n        if not status or status == ErrorCode.SUCCESS:\n            return\n        value = None\n        message = response.get(\"message\", \"\")\n        screen: str = response.get(\"screen\", \"\")\n        stacktrace = None\n        if isinstance(status, int):\n            value_json = response.get(\"value\", None)\n            if value_json and isinstance(value_json, str):\n                import json\n    \n                try:\n                    value = json.loads(value_json)\n                    if len(value) == 1:\n                        value = value[\"value\"]\n                    status = value.get(\"error\", None)\n                    if not status:\n                        status = value.get(\"status\", ErrorCode.UNKNOWN_ERROR)\n                        message = value.get(\"value\") or value.get(\"message\")\n                        if not isinstance(message, str):\n                            value = message\n                            message = message.get(\"message\")\n                    else:\n                        message = value.get(\"message\", None)\n                except ValueError:\n                    pass\n    \n        exception_class: Type[WebDriverException]\n        e = ErrorCode()\n        error_codes = [item for item in dir(e) if not item.startswith(\"__\")]\n        for error_code in error_codes:\n            error_info = getattr(ErrorCode, error_code)\n            if isinstance(error_info, list) and status in error_info:\n                exception_class = getattr(ExceptionMapping, error_code, WebDriverException)\n                break\n        else:\n            exception_class = WebDriverException\n    \n        if not value:\n            value = response[\"value\"]\n        if isinstance(value, str):\n            raise exception_class(value)\n        if message == \"\" and \"message\" in value:\n            message = value[\"message\"]\n    \n        screen = None  # type: ignore[assignment]\n        if \"screen\" in value:\n            screen = value[\"screen\"]\n    \n        stacktrace = None\n        st_value = value.get(\"stackTrace\") or value.get(\"stacktrace\")\n        if st_value:\n            if isinstance(st_value, str):\n                stacktrace = st_value.split(\"\\n\")\n            else:\n                stacktrace = []\n                try:\n                    for frame in st_value:\n                        line = frame.get(\"lineNumber\", \"\")\n                        file = frame.get(\"fileName\", \"<anonymous>\")\n                        if line:\n                            file = f\"{file}:{line}\"\n                        meth = frame.get(\"methodName\", \"<anonymous>\")\n                        if \"className\" in frame:\n                            meth = f\"{frame['className']}.{meth}\"\n                        msg = \"    at %s (%s)\"\n                        msg = msg % (meth, file)\n                        stacktrace.append(msg)\n                except TypeError:\n                    pass\n        if exception_class == UnexpectedAlertPresentException:\n            alert_text = None\n            if \"data\" in value:\n                alert_text = value[\"data\"].get(\"text\")\n            elif \"alert\" in value:\n                alert_text = value[\"alert\"].get(\"text\")\n            raise exception_class(message, screen, stacktrace, alert_text)  # type: ignore[call-arg]  # mypy is not smart enough here\n>       raise exception_class(message, screen, stacktrace)\nE       selenium.common.exceptions.NoSuchElementException: Message: no such element: Unable to locate element: {\"method\":\"xpath\",\"selector\":\"//*[contains(text(), 'text')]\"}\nE         (Session info: chrome=124.0.6367.158); For documentation on this error, please visit: https://www.selenium.dev/documentation/webdriver/troubleshooting/errors#no-such-element-exception\nE       Stacktrace:\nE       \tGetHandleVerifier [0x0041C183+48259]\nE       \t(No symbol) [0x003ACAB1]\nE       \t(No symbol) [0x002A0A17]\nE       \t(No symbol) [0x002E0BED]\nE       \t(No symbol) [0x002E0C9B]\nE       \t(No symbol) [0x0031BC12]\nE       \t(No symbol) [0x00300DE4]\nE       \t(No symbol) [0x00319B9C]\nE       \t(No symbol) [0x00300B36]\nE       \t(No symbol) [0x002D570D]\nE       \t(No symbol) [0x002D62CD]\nE       \tGetHandleVerifier [0x006D6613+2908435]\nE       \tGetHandleVerifier [0x00713C2B+3159851]\nE       \tGetHandleVerifier [0x004B513B+674875]\nE       \tGetHandleVerifier [0x004BB2FC+699900]\nE       \t(No symbol) [0x003B62B4]\nE       \t(No symbol) [0x003B2308]\nE       \t(No symbol) [0x003B249C]\nE       \t(No symbol) [0x003A4C20]\nE       \tBaseThreadInitThunk [0x767DFCC9+25]\nE       \tRtlGetAppContainerNamedObjectPath [0x771F7C5E+286]\nE       \tRtlGetAppContainerNamedObjectPath [0x771F7C2E+238]\n\n..\\..\\..\\..\\AppData\\Local\\Programs\\Python\\Python312\\Lib\\site-packages\\selenium\\webdriver\\remote\\errorhandler.py:229: NoSuchElementException"}, "description": "Результат должен отобразиться через 45 секунд", "steps": [{"name": "Открываем браузер", "status": "passed", "start": 1715444109605, "stop": 1715444112457}, {"name": "Открытие страницы: https://bonigarcia.dev/selenium-webdriver-java/slow-calculator.html", "status": "passed", "start": 1715444112457, "stop": 1715444211636}, {"name": "Ввод в поле значение 45", "status": "passed", "start": 1715444211636, "stop": 1715444211706}, {"name": "Нажимаем на кнопки 7+8=", "status": "broken", "statusDetails": {"message": "selenium.common.exceptions.NoSuchElementException: Message: no such element: Unable to locate element: {\"method\":\"xpath\",\"selector\":\"//*[contains(text(), 'text')]\"}\n  (Session info: chrome=124.0.6367.158); For documentation on this error, please visit: https://www.selenium.dev/documentation/webdriver/troubleshooting/errors#no-such-element-exception\nStacktrace:\n\tGetHandleVerifier [0x0041C183+48259]\n\t(No symbol) [0x003ACAB1]\n\t(No symbol) [0x002A0A17]\n\t(No symbol) [0x002E0BED]\n\t(No symbol) [0x002E0C9B]\n\t(No symbol) [0x0031BC12]\n\t(No symbol) [0x00300DE4]\n\t(No symbol) [0x00319B9C]\n\t(No symbol) [0x00300B36]\n\t(No symbol) [0x002D570D]\n\t(No symbol) [0x002D62CD]\n\tGetHandleVerifier [0x006D6613+2908435]\n\tGetHandleVerifier [0x00713C2B+3159851]\n\tGetHandleVerifier [0x004B513B+674875]\n\tGetHandleVerifier [0x004BB2FC+699900]\n\t(No symbol) [0x003B62B4]\n\t(No symbol) [0x003B2308]\n\t(No symbol) [0x003B249C]\n\t(No symbol) [0x003A4C20]\n\tBaseThreadInitThunk [0x767DFCC9+25]\n\tRtlGetAppContainerNamedObjectPath [0x771F7C5E+286]\n\tRtlGetAppContainerNamedObjectPath [0x771F7C2E+238]\n\n", "trace": "  File \"C:\\Users\\Eugen\\Desktop\\skypro_python_homeworks\\skypro_python_homeworks\\lesson_10\\calculator_test.py\", line 24, in test_calculator\n    calculator.click('7')\n  File \"C:\\Users\\Eugen\\Desktop\\skypro_python_homeworks\\skypro_python_homeworks\\lesson_10\\pages\\CalculatorPage.py\", line 25, in click\n    self._driver.find_element(By.XPATH, \"//*[contains(text(), 'text')]\").click(text)\n    ^^^^^^^^^^^^^^^^^^^^^^^^^^^^^^^^^^^^^^^^^^^^^^^^^^^^^^^^^^^^^^^^^^^^\n  File \"C:\\Users\\Eugen\\AppData\\Local\\Programs\\Python\\Python312\\Lib\\site-packages\\selenium\\webdriver\\remote\\webdriver.py\", line 741, in find_element\n    return self.execute(Command.FIND_ELEMENT, {\"using\": by, \"value\": value})[\"value\"]\n           ^^^^^^^^^^^^^^^^^^^^^^^^^^^^^^^^^^^^^^^^^^^^^^^^^^^^^^^^^^^^^^^^^\n  File \"C:\\Users\\Eugen\\AppData\\Local\\Programs\\Python\\Python312\\Lib\\site-packages\\selenium\\webdriver\\remote\\webdriver.py\", line 347, in execute\n    self.error_handler.check_response(response)\n  File \"C:\\Users\\Eugen\\AppData\\Local\\Programs\\Python\\Python312\\Lib\\site-packages\\selenium\\webdriver\\remote\\errorhandler.py\", line 229, in check_response\n    raise exception_class(message, screen, stacktrace)\n"}, "start": 1715444211706, "stop": 1715444261731}], "start": 1715444109605, "stop": 1715444261735, "uuid": "6a3bd9ab-4e6b-46c6-bccd-2fcd561ce3fc", "historyId": "7038c24c7efdc62bac232965de2f23a6", "testCaseId": "7038c24c7efdc62bac232965de2f23a6", "fullName": "calculator_test#test_calculator", "labels": [{"name": "severity", "value": "blocker"}, {"name": "feature", "value": "FUNCTIONALITY"}, {"name": "suite", "value": "calculator_test"}, {"name": "host", "value": "DESKTOP-JQVP5QQ"}, {"name": "thread", "value": "12668-MainThread"}, {"name": "framework", "value": "pytest"}, {"name": "language", "value": "cpython3"}, {"name": "package", "value": "calculator_test"}]}